<?xml version="1.0" encoding="UTF-8"?>
<robot generator="Robot 6.1.1 (Python 3.10.12 on linux)" generated="20241113 16:58:34.901" rpa="false" schemaversion="4">
<suite id="s1" name="Register" source="/home/kitakita/Desktop/Yliopisto/Tietojenkäsittely Tiede/Aineopinnot/Ohjelmistotuotanto/palautusrepositorio/viikko3/web-login/src/tests/register.robot">
<kw name="Open And Configure Browser" library="resource" type="SETUP">
<if>
<branch type="IF" condition="$BROWSER == 'chrome'">
<kw name="Evaluate" library="BuiltIn">
<var>${options}</var>
<arg>sys.modules['selenium.webdriver'].ChromeOptions()</arg>
<arg>sys</arg>
<doc>Evaluates the given expression in Python and returns the result.</doc>
<msg timestamp="20241113 16:58:35.063" level="INFO">${options} = &lt;selenium.webdriver.chrome.options.Options object at 0x77cf2fd170d0&gt;</msg>
<status status="PASS" starttime="20241113 16:58:35.063" endtime="20241113 16:58:35.063"/>
</kw>
<status status="PASS" starttime="20241113 16:58:35.061" endtime="20241113 16:58:35.064"/>
</branch>
<branch type="ELSE IF" condition="$BROWSER == 'firefox'">
<kw name="Evaluate" library="BuiltIn">
<var>${options}</var>
<arg>sys.modules['selenium.webdriver'].FirefoxOptions()</arg>
<arg>sys</arg>
<doc>Evaluates the given expression in Python and returns the result.</doc>
<status status="NOT RUN" starttime="20241113 16:58:35.064" endtime="20241113 16:58:35.064"/>
</kw>
<status status="NOT RUN" starttime="20241113 16:58:35.064" endtime="20241113 16:58:35.064"/>
</branch>
<status status="PASS" starttime="20241113 16:58:35.061" endtime="20241113 16:58:35.064"/>
</if>
<if>
<branch type="IF" condition="$HEADLESS == 'true'">
<kw name="Set Selenium Speed" library="SeleniumLibrary">
<arg>0</arg>
<doc>Sets the delay that is waited after each Selenium command.</doc>
<status status="NOT RUN" starttime="20241113 16:58:35.064" endtime="20241113 16:58:35.064"/>
</kw>
<kw name="Call Method" library="BuiltIn">
<arg>${options}</arg>
<arg>add_argument</arg>
<arg>--headless</arg>
<doc>Calls the named method of the given object with the provided arguments.</doc>
<status status="NOT RUN" starttime="20241113 16:58:35.064" endtime="20241113 16:58:35.064"/>
</kw>
<status status="NOT RUN" starttime="20241113 16:58:35.064" endtime="20241113 16:58:35.064"/>
</branch>
<branch type="ELSE">
<kw name="Set Selenium Speed" library="SeleniumLibrary">
<arg>${DELAY}</arg>
<doc>Sets the delay that is waited after each Selenium command.</doc>
<status status="PASS" starttime="20241113 16:58:35.065" endtime="20241113 16:58:35.065"/>
</kw>
<status status="PASS" starttime="20241113 16:58:35.065" endtime="20241113 16:58:35.065"/>
</branch>
<status status="PASS" starttime="20241113 16:58:35.064" endtime="20241113 16:58:35.065"/>
</if>
<kw name="Open Browser" library="SeleniumLibrary">
<arg>browser=${BROWSER}</arg>
<arg>options=${options}</arg>
<doc>Opens a new browser instance to the optional ``url``.</doc>
<msg timestamp="20241113 16:58:35.065" level="INFO">Opening browser 'chrome' to base url 'None'.</msg>
<status status="PASS" starttime="20241113 16:58:35.065" endtime="20241113 16:58:35.450"/>
</kw>
<status status="PASS" starttime="20241113 16:58:35.061" endtime="20241113 16:58:35.450"/>
</kw>
<test id="s1-t1" name="Login After Failed Registration" line="71">
<kw name="Reset Application And Go To Register Page" type="SETUP">
<kw name="Reset Application" library="AppLibrary">
<status status="PASS" starttime="20241113 16:58:35.452" endtime="20241113 16:58:35.457"/>
</kw>
<kw name="Go To Register Page" library="resource">
<kw name="Go To" library="SeleniumLibrary">
<arg>${REGISTER_URL}</arg>
<doc>Navigates the current browser window to the provided ``url``.</doc>
<msg timestamp="20241113 16:58:35.458" level="INFO">Opening url 'http://localhost:5001/register'</msg>
<status status="PASS" starttime="20241113 16:58:35.458" endtime="20241113 16:58:36.016"/>
</kw>
<status status="PASS" starttime="20241113 16:58:35.457" endtime="20241113 16:58:36.017"/>
</kw>
<status status="PASS" starttime="20241113 16:58:35.452" endtime="20241113 16:58:36.017"/>
</kw>
<kw name="Set Username">
<arg>kalle</arg>
<kw name="Input Text" library="SeleniumLibrary">
<arg>username</arg>
<arg>${username}</arg>
<doc>Types the given ``text`` into the text field identified by ``locator``.</doc>
<msg timestamp="20241113 16:58:36.019" level="INFO">Typing text 'kalle' into text field 'username'.</msg>
<status status="PASS" starttime="20241113 16:58:36.019" endtime="20241113 16:58:37.645"/>
</kw>
<status status="PASS" starttime="20241113 16:58:36.018" endtime="20241113 16:58:37.646"/>
</kw>
<kw name="Set Password">
<arg>kalle123</arg>
<kw name="Input Password" library="SeleniumLibrary">
<arg>password</arg>
<arg>${password}</arg>
<doc>Types the given password into the text field identified by ``locator``.</doc>
<msg timestamp="20241113 16:58:37.650" level="INFO">Typing password into text field 'password'.</msg>
<msg timestamp="20241113 16:58:38.709" level="INFO">Temporally setting log level to: NONE</msg>
<msg timestamp="20241113 16:58:39.264" level="INFO">Log level changed from NONE to INFO.</msg>
<status status="PASS" starttime="20241113 16:58:37.649" endtime="20241113 16:58:39.265"/>
</kw>
<status status="PASS" starttime="20241113 16:58:37.648" endtime="20241113 16:58:39.266"/>
</kw>
<kw name="Set Password Confirmation">
<arg>kalle234</arg>
<kw name="Input Password" library="SeleniumLibrary">
<arg>password_confirmation</arg>
<arg>${password_confirmation}</arg>
<doc>Types the given password into the text field identified by ``locator``.</doc>
<msg timestamp="20241113 16:58:39.271" level="INFO">Typing password into text field 'password_confirmation'.</msg>
<msg timestamp="20241113 16:58:40.329" level="INFO">Temporally setting log level to: NONE</msg>
<msg timestamp="20241113 16:58:40.893" level="INFO">Log level changed from NONE to INFO.</msg>
<status status="PASS" starttime="20241113 16:58:39.269" endtime="20241113 16:58:40.894"/>
</kw>
<status status="PASS" starttime="20241113 16:58:39.267" endtime="20241113 16:58:40.895"/>
</kw>
<kw name="Submit Credentials">
<kw name="Click Button" library="SeleniumLibrary">
<arg>Register</arg>
<doc>Clicks the button identified by ``locator``.</doc>
<msg timestamp="20241113 16:58:40.897" level="INFO">Clicking button 'Register'.</msg>
<status status="PASS" starttime="20241113 16:58:40.896" endtime="20241113 16:58:43.016"/>
</kw>
<status status="PASS" starttime="20241113 16:58:40.896" endtime="20241113 16:58:43.017"/>
</kw>
<kw name="Register Should Fail With Message">
<arg>Password and password confirmation dont match</arg>
<kw name="Register Page Should Be Open" library="resource">
<kw name="Title Should Be" library="SeleniumLibrary">
<arg>Register</arg>
<doc>Verifies that the current page title equals ``title``.</doc>
<msg timestamp="20241113 16:58:43.536" level="INFO">Page title is 'Register'.</msg>
<status status="PASS" starttime="20241113 16:58:43.021" endtime="20241113 16:58:43.537"/>
</kw>
<status status="PASS" starttime="20241113 16:58:43.020" endtime="20241113 16:58:43.537"/>
</kw>
<kw name="Page Should Contain" library="SeleniumLibrary">
<arg>${message}</arg>
<doc>Verifies that current page contains ``text``.</doc>
<msg timestamp="20241113 16:58:44.570" level="INFO">Current page contains text 'Password and password confirmation dont match'.</msg>
<status status="PASS" starttime="20241113 16:58:43.538" endtime="20241113 16:58:44.571"/>
</kw>
<status status="PASS" starttime="20241113 16:58:43.019" endtime="20241113 16:58:44.571"/>
</kw>
<kw name="Click Link" library="SeleniumLibrary">
<arg>Login</arg>
<doc>Clicks a link identified by ``locator``.</doc>
<msg timestamp="20241113 16:58:44.573" level="INFO">Clicking link 'Login'.</msg>
<status status="PASS" starttime="20241113 16:58:44.572" endtime="20241113 16:58:46.203"/>
</kw>
<kw name="Set Username">
<arg>kalle</arg>
<kw name="Input Text" library="SeleniumLibrary">
<arg>username</arg>
<arg>${username}</arg>
<doc>Types the given ``text`` into the text field identified by ``locator``.</doc>
<msg timestamp="20241113 16:58:46.208" level="INFO">Typing text 'kalle' into text field 'username'.</msg>
<status status="PASS" starttime="20241113 16:58:46.206" endtime="20241113 16:58:47.812"/>
</kw>
<status status="PASS" starttime="20241113 16:58:46.204" endtime="20241113 16:58:47.812"/>
</kw>
<kw name="Set Password">
<arg>kalle123</arg>
<kw name="Input Password" library="SeleniumLibrary">
<arg>password</arg>
<arg>${password}</arg>
<doc>Types the given password into the text field identified by ``locator``.</doc>
<msg timestamp="20241113 16:58:47.817" level="INFO">Typing password into text field 'password'.</msg>
<msg timestamp="20241113 16:58:48.847" level="INFO">Temporally setting log level to: NONE</msg>
<msg timestamp="20241113 16:58:49.409" level="INFO">Log level changed from NONE to INFO.</msg>
<status status="PASS" starttime="20241113 16:58:47.815" endtime="20241113 16:58:49.410"/>
</kw>
<status status="PASS" starttime="20241113 16:58:47.814" endtime="20241113 16:58:49.410"/>
</kw>
<kw name="Log In">
<kw name="Click Button" library="SeleniumLibrary">
<arg>Login</arg>
<doc>Clicks the button identified by ``locator``.</doc>
<msg timestamp="20241113 16:58:49.416" level="INFO">Clicking button 'Login'.</msg>
<status status="PASS" starttime="20241113 16:58:49.415" endtime="20241113 16:58:51.556"/>
</kw>
<status status="PASS" starttime="20241113 16:58:49.413" endtime="20241113 16:58:51.557"/>
</kw>
<kw name="Login Should Fail With Message">
<arg>Invalid username or password</arg>
<kw name="Login Page Should Be Open" library="resource">
<kw name="Title Should Be" library="SeleniumLibrary">
<arg>Login</arg>
<doc>Verifies that the current page title equals ``title``.</doc>
<msg timestamp="20241113 16:58:52.073" level="INFO">Page title is 'Login'.</msg>
<status status="PASS" starttime="20241113 16:58:51.561" endtime="20241113 16:58:52.074"/>
</kw>
<status status="PASS" starttime="20241113 16:58:51.560" endtime="20241113 16:58:52.075"/>
</kw>
<kw name="Page Should Contain" library="SeleniumLibrary">
<arg>${message}</arg>
<doc>Verifies that current page contains ``text``.</doc>
<msg timestamp="20241113 16:58:53.107" level="INFO">Current page contains text 'Invalid username or password'.</msg>
<status status="PASS" starttime="20241113 16:58:52.076" endtime="20241113 16:58:53.108"/>
</kw>
<status status="PASS" starttime="20241113 16:58:51.558" endtime="20241113 16:58:53.109"/>
</kw>
<status status="PASS" starttime="20241113 16:58:35.450" endtime="20241113 16:58:53.110"/>
</test>
<kw name="Close Browser" library="SeleniumLibrary" type="TEARDOWN">
<doc>Closes the current browser.</doc>
<status status="PASS" starttime="20241113 16:58:53.114" endtime="20241113 16:58:53.671"/>
</kw>
<status status="PASS" starttime="20241113 16:58:34.903" endtime="20241113 16:58:53.671"/>
</suite>
<statistics>
<total>
<stat pass="1" fail="0" skip="0">All Tests</stat>
</total>
<tag>
</tag>
<suite>
<stat pass="1" fail="0" skip="0" id="s1" name="Register">Register</stat>
</suite>
</statistics>
<errors>
</errors>
</robot>
