<?xml version="1.0" encoding="UTF-8"?>
<robot generator="Robot 6.1.1 (Python 3.10.12 on linux)" generated="20241112 16:37:07.737" rpa="false" schemaversion="4">
<suite id="s1" name="Tests" source="/home/kitakita/Desktop/Yliopisto/Tietojenkäsittely Tiede/Aineopinnot/Ohjelmistotuotanto/palautusrepositorio/viikko3/hello-robot/src/tests">
<suite id="s1-s1" name="Increase Counter" source="/home/kitakita/Desktop/Yliopisto/Tietojenkäsittely Tiede/Aineopinnot/Ohjelmistotuotanto/palautusrepositorio/viikko3/hello-robot/src/tests/increase_counter.robot">
<test id="s1-s1-t1" name="Increase Counter Once" line="5">
<kw name="Counter Value Should Be" library="CounterLibrary">
<arg>0</arg>
<doc>info docstring</doc>
<status status="PASS" starttime="20241112 16:37:07.760" endtime="20241112 16:37:07.760"/>
</kw>
<kw name="Increase Counter" library="CounterLibrary">
<doc>info docstring</doc>
<status status="PASS" starttime="20241112 16:37:07.760" endtime="20241112 16:37:07.760"/>
</kw>
<kw name="Counter Value Should Be" library="CounterLibrary">
<arg>1</arg>
<doc>info docstring</doc>
<status status="PASS" starttime="20241112 16:37:07.760" endtime="20241112 16:37:07.761"/>
</kw>
<status status="PASS" starttime="20241112 16:37:07.759" endtime="20241112 16:37:07.761"/>
</test>
<test id="s1-s1-t2" name="Increase Counter Many Times" line="10">
<kw name="Counter Value Should Be" library="CounterLibrary">
<arg>0</arg>
<doc>info docstring</doc>
<status status="PASS" starttime="20241112 16:37:07.761" endtime="20241112 16:37:07.762"/>
</kw>
<kw name="Increase Counter" library="CounterLibrary">
<doc>info docstring</doc>
<status status="PASS" starttime="20241112 16:37:07.762" endtime="20241112 16:37:07.762"/>
</kw>
<kw name="Increase Counter" library="CounterLibrary">
<doc>info docstring</doc>
<status status="PASS" starttime="20241112 16:37:07.762" endtime="20241112 16:37:07.762"/>
</kw>
<kw name="Increase Counter" library="CounterLibrary">
<doc>info docstring</doc>
<status status="PASS" starttime="20241112 16:37:07.762" endtime="20241112 16:37:07.762"/>
</kw>
<kw name="Counter Value Should Be" library="CounterLibrary">
<arg>3</arg>
<doc>info docstring</doc>
<status status="PASS" starttime="20241112 16:37:07.762" endtime="20241112 16:37:07.763"/>
</kw>
<status status="PASS" starttime="20241112 16:37:07.761" endtime="20241112 16:37:07.763"/>
</test>
<test id="s1-s1-t3" name="Increment Counter By Amount" line="17">
<kw name="Counter Value Should Be" library="CounterLibrary">
<arg>0</arg>
<doc>info docstring</doc>
<status status="PASS" starttime="20241112 16:37:07.763" endtime="20241112 16:37:07.764"/>
</kw>
<kw name="Increment Counter By" library="CounterLibrary">
<arg>5</arg>
<doc>info docstring</doc>
<status status="PASS" starttime="20241112 16:37:07.764" endtime="20241112 16:37:07.764"/>
</kw>
<kw name="Counter Value Should Be" library="CounterLibrary">
<arg>5</arg>
<doc>info docstring</doc>
<status status="PASS" starttime="20241112 16:37:07.764" endtime="20241112 16:37:07.764"/>
</kw>
<status status="PASS" starttime="20241112 16:37:07.763" endtime="20241112 16:37:07.764"/>
</test>
<status status="PASS" starttime="20241112 16:37:07.756" endtime="20241112 16:37:07.765"/>
</suite>
<suite id="s1-s2" name="Reset Counter" source="/home/kitakita/Desktop/Yliopisto/Tietojenkäsittely Tiede/Aineopinnot/Ohjelmistotuotanto/palautusrepositorio/viikko3/hello-robot/src/tests/reset_counter.robot">
<test id="s1-s2-t1" name="Reset Counter After One Increment" line="5">
<kw name="Counter Value Should Be" library="CounterLibrary">
<arg>0</arg>
<doc>info docstring</doc>
<status status="PASS" starttime="20241112 16:37:07.769" endtime="20241112 16:37:07.770"/>
</kw>
<kw name="Increase Counter" library="CounterLibrary">
<doc>info docstring</doc>
<status status="PASS" starttime="20241112 16:37:07.770" endtime="20241112 16:37:07.770"/>
</kw>
<kw name="Counter Value Should Be" library="CounterLibrary">
<arg>1</arg>
<doc>info docstring</doc>
<status status="PASS" starttime="20241112 16:37:07.770" endtime="20241112 16:37:07.771"/>
</kw>
<kw name="Reset Counter" library="CounterLibrary">
<doc>info docstring</doc>
<status status="PASS" starttime="20241112 16:37:07.771" endtime="20241112 16:37:07.771"/>
</kw>
<kw name="Counter Value Should Be" library="CounterLibrary">
<arg>0</arg>
<doc>info docstring</doc>
<status status="PASS" starttime="20241112 16:37:07.771" endtime="20241112 16:37:07.771"/>
</kw>
<status status="PASS" starttime="20241112 16:37:07.768" endtime="20241112 16:37:07.772"/>
</test>
<test id="s1-s2-t2" name="Reset Counter After Several Increments" line="12">
<kw name="Counter Value Should Be" library="CounterLibrary">
<arg>0</arg>
<doc>info docstring</doc>
<status status="PASS" starttime="20241112 16:37:07.773" endtime="20241112 16:37:07.773"/>
</kw>
<kw name="Increment Counter By" library="CounterLibrary">
<arg>5</arg>
<doc>info docstring</doc>
<status status="PASS" starttime="20241112 16:37:07.773" endtime="20241112 16:37:07.774"/>
</kw>
<kw name="Counter Value Should Be" library="CounterLibrary">
<arg>5</arg>
<doc>info docstring</doc>
<status status="PASS" starttime="20241112 16:37:07.774" endtime="20241112 16:37:07.774"/>
</kw>
<kw name="Reset Counter" library="CounterLibrary">
<doc>info docstring</doc>
<status status="PASS" starttime="20241112 16:37:07.774" endtime="20241112 16:37:07.774"/>
</kw>
<kw name="Counter Value Should Be" library="CounterLibrary">
<arg>0</arg>
<doc>info docstring</doc>
<status status="PASS" starttime="20241112 16:37:07.775" endtime="20241112 16:37:07.775"/>
</kw>
<status status="PASS" starttime="20241112 16:37:07.772" endtime="20241112 16:37:07.775"/>
</test>
<status status="PASS" starttime="20241112 16:37:07.765" endtime="20241112 16:37:07.776"/>
</suite>
<status status="PASS" starttime="20241112 16:37:07.739" endtime="20241112 16:37:07.777"/>
</suite>
<statistics>
<total>
<stat pass="5" fail="0" skip="0">All Tests</stat>
</total>
<tag>
</tag>
<suite>
<stat pass="5" fail="0" skip="0" id="s1" name="Tests">Tests</stat>
<stat pass="3" fail="0" skip="0" id="s1-s1" name="Increase Counter">Tests.Increase Counter</stat>
<stat pass="2" fail="0" skip="0" id="s1-s2" name="Reset Counter">Tests.Reset Counter</stat>
</suite>
</statistics>
<errors>
</errors>
</robot>
