<?xml version="1.0" encoding="UTF-8"?>
<robot generator="Robot 6.1.1 (Python 3.10.12 on linux)" generated="20241113 16:40:34.173" rpa="false" schemaversion="4">
<suite id="s1" name="Register" source="/home/kitakita/Desktop/Yliopisto/Tietojenkäsittely Tiede/Aineopinnot/Ohjelmistotuotanto/palautusrepositorio/viikko3/web-login/src/tests/register.robot">
<kw name="Open And Configure Browser" library="resource" type="SETUP">
<if>
<branch type="IF" condition="$BROWSER == 'chrome'">
<kw name="Evaluate" library="BuiltIn">
<var>${options}</var>
<arg>sys.modules['selenium.webdriver'].ChromeOptions()</arg>
<arg>sys</arg>
<doc>Evaluates the given expression in Python and returns the result.</doc>
<msg timestamp="20241113 16:40:34.311" level="INFO">${options} = &lt;selenium.webdriver.chrome.options.Options object at 0x789cb9782260&gt;</msg>
<status status="PASS" starttime="20241113 16:40:34.311" endtime="20241113 16:40:34.311"/>
</kw>
<status status="PASS" starttime="20241113 16:40:34.300" endtime="20241113 16:40:34.311"/>
</branch>
<branch type="ELSE IF" condition="$BROWSER == 'firefox'">
<kw name="Evaluate" library="BuiltIn">
<var>${options}</var>
<arg>sys.modules['selenium.webdriver'].FirefoxOptions()</arg>
<arg>sys</arg>
<doc>Evaluates the given expression in Python and returns the result.</doc>
<status status="NOT RUN" starttime="20241113 16:40:34.311" endtime="20241113 16:40:34.311"/>
</kw>
<status status="NOT RUN" starttime="20241113 16:40:34.311" endtime="20241113 16:40:34.311"/>
</branch>
<status status="PASS" starttime="20241113 16:40:34.300" endtime="20241113 16:40:34.311"/>
</if>
<if>
<branch type="IF" condition="$HEADLESS == 'true'">
<kw name="Set Selenium Speed" library="SeleniumLibrary">
<arg>0</arg>
<doc>Sets the delay that is waited after each Selenium command.</doc>
<status status="NOT RUN" starttime="20241113 16:40:34.312" endtime="20241113 16:40:34.312"/>
</kw>
<kw name="Call Method" library="BuiltIn">
<arg>${options}</arg>
<arg>add_argument</arg>
<arg>--headless</arg>
<doc>Calls the named method of the given object with the provided arguments.</doc>
<status status="NOT RUN" starttime="20241113 16:40:34.312" endtime="20241113 16:40:34.312"/>
</kw>
<status status="NOT RUN" starttime="20241113 16:40:34.311" endtime="20241113 16:40:34.312"/>
</branch>
<branch type="ELSE">
<kw name="Set Selenium Speed" library="SeleniumLibrary">
<arg>${DELAY}</arg>
<doc>Sets the delay that is waited after each Selenium command.</doc>
<status status="PASS" starttime="20241113 16:40:34.312" endtime="20241113 16:40:34.312"/>
</kw>
<status status="PASS" starttime="20241113 16:40:34.312" endtime="20241113 16:40:34.312"/>
</branch>
<status status="PASS" starttime="20241113 16:40:34.311" endtime="20241113 16:40:34.312"/>
</if>
<kw name="Open Browser" library="SeleniumLibrary">
<arg>browser=${BROWSER}</arg>
<arg>options=${options}</arg>
<doc>Opens a new browser instance to the optional ``url``.</doc>
<msg timestamp="20241113 16:40:34.312" level="INFO">Opening browser 'chrome' to base url 'None'.</msg>
<status status="PASS" starttime="20241113 16:40:34.312" endtime="20241113 16:40:34.695"/>
</kw>
<status status="PASS" starttime="20241113 16:40:34.300" endtime="20241113 16:40:34.695"/>
</kw>
<test id="s1-t1" name="Register With Valid Username And Password" line="9">
<kw name="Reset Application And Go To Register Page" type="SETUP">
<kw name="Reset Application" library="AppLibrary">
<status status="PASS" starttime="20241113 16:40:34.696" endtime="20241113 16:40:34.699"/>
</kw>
<kw name="Go To Register Page" library="resource">
<kw name="Go To" library="SeleniumLibrary">
<arg>${REGISTER_URL}</arg>
<doc>Navigates the current browser window to the provided ``url``.</doc>
<msg timestamp="20241113 16:40:34.700" level="INFO">Opening url 'http://localhost:5001/register'</msg>
<status status="PASS" starttime="20241113 16:40:34.700" endtime="20241113 16:40:35.251"/>
</kw>
<status status="PASS" starttime="20241113 16:40:34.699" endtime="20241113 16:40:35.252"/>
</kw>
<status status="PASS" starttime="20241113 16:40:34.696" endtime="20241113 16:40:35.252"/>
</kw>
<kw name="Set Username">
<arg>kalle</arg>
<kw name="Input Text" library="SeleniumLibrary">
<arg>username</arg>
<arg>${username}</arg>
<doc>Types the given ``text`` into the text field identified by ``locator``.</doc>
<msg timestamp="20241113 16:40:35.255" level="INFO">Typing text 'kalle' into text field 'username'.</msg>
<status status="PASS" starttime="20241113 16:40:35.253" endtime="20241113 16:40:36.883"/>
</kw>
<status status="PASS" starttime="20241113 16:40:35.252" endtime="20241113 16:40:36.883"/>
</kw>
<kw name="Set Password">
<arg>kalle123</arg>
<kw name="Input Password" library="SeleniumLibrary">
<arg>password</arg>
<arg>${password}</arg>
<doc>Types the given password into the text field identified by ``locator``.</doc>
<msg timestamp="20241113 16:40:36.886" level="INFO">Typing password into text field 'password'.</msg>
<msg timestamp="20241113 16:40:37.945" level="INFO">Temporally setting log level to: NONE</msg>
<msg timestamp="20241113 16:40:38.505" level="INFO">Log level changed from NONE to INFO.</msg>
<status status="PASS" starttime="20241113 16:40:36.885" endtime="20241113 16:40:38.505"/>
</kw>
<status status="PASS" starttime="20241113 16:40:36.883" endtime="20241113 16:40:38.506"/>
</kw>
<kw name="Set Password Confirmation">
<arg>kalle123</arg>
<kw name="Input Password" library="SeleniumLibrary">
<arg>password_confirmation</arg>
<arg>${password_confirmation}</arg>
<doc>Types the given password into the text field identified by ``locator``.</doc>
<msg timestamp="20241113 16:40:38.509" level="INFO">Typing password into text field 'password_confirmation'.</msg>
<msg timestamp="20241113 16:40:39.573" level="INFO">Temporally setting log level to: NONE</msg>
<msg timestamp="20241113 16:40:40.106" level="INFO">Log level changed from NONE to INFO.</msg>
<status status="PASS" starttime="20241113 16:40:38.507" endtime="20241113 16:40:40.106"/>
</kw>
<status status="PASS" starttime="20241113 16:40:38.506" endtime="20241113 16:40:40.106"/>
</kw>
<kw name="Submit Credentials">
<kw name="Click Button" library="SeleniumLibrary">
<arg>Register</arg>
<doc>Clicks the button identified by ``locator``.</doc>
<msg timestamp="20241113 16:40:40.109" level="INFO">Clicking button 'Register'.</msg>
<status status="PASS" starttime="20241113 16:40:40.108" endtime="20241113 16:40:42.239"/>
</kw>
<status status="PASS" starttime="20241113 16:40:40.107" endtime="20241113 16:40:42.240"/>
</kw>
<kw name="Register Should Succeed">
<kw name="Welcome Page Should Be Open" library="resource">
<kw name="Title Should Be" library="SeleniumLibrary">
<arg>Welcome to Ohtu Application!</arg>
<doc>Verifies that the current page title equals ``title``.</doc>
<msg timestamp="20241113 16:40:42.755" level="INFO">Page title is 'Welcome to Ohtu Application!'.</msg>
<status status="PASS" starttime="20241113 16:40:42.242" endtime="20241113 16:40:42.755"/>
</kw>
<status status="PASS" starttime="20241113 16:40:42.241" endtime="20241113 16:40:42.755"/>
</kw>
<status status="PASS" starttime="20241113 16:40:42.240" endtime="20241113 16:40:42.755"/>
</kw>
<status status="PASS" starttime="20241113 16:40:34.696" endtime="20241113 16:40:42.755"/>
</test>
<test id="s1-t2" name="Register With Username That Is Already In Use" line="16">
<kw name="Reset Application And Go To Register Page" type="SETUP">
<kw name="Reset Application" library="AppLibrary">
<status status="PASS" starttime="20241113 16:40:42.756" endtime="20241113 16:40:42.758"/>
</kw>
<kw name="Go To Register Page" library="resource">
<kw name="Go To" library="SeleniumLibrary">
<arg>${REGISTER_URL}</arg>
<doc>Navigates the current browser window to the provided ``url``.</doc>
<msg timestamp="20241113 16:40:42.759" level="INFO">Opening url 'http://localhost:5001/register'</msg>
<status status="PASS" starttime="20241113 16:40:42.759" endtime="20241113 16:40:43.295"/>
</kw>
<status status="PASS" starttime="20241113 16:40:42.758" endtime="20241113 16:40:43.296"/>
</kw>
<status status="PASS" starttime="20241113 16:40:42.756" endtime="20241113 16:40:43.296"/>
</kw>
<kw name="Set Username">
<arg>kalle</arg>
<kw name="Input Text" library="SeleniumLibrary">
<arg>username</arg>
<arg>${username}</arg>
<doc>Types the given ``text`` into the text field identified by ``locator``.</doc>
<msg timestamp="20241113 16:40:43.298" level="INFO">Typing text 'kalle' into text field 'username'.</msg>
<status status="PASS" starttime="20241113 16:40:43.297" endtime="20241113 16:40:44.902"/>
</kw>
<status status="PASS" starttime="20241113 16:40:43.296" endtime="20241113 16:40:44.902"/>
</kw>
<kw name="Set Password">
<arg>kalle123</arg>
<kw name="Input Password" library="SeleniumLibrary">
<arg>password</arg>
<arg>${password}</arg>
<doc>Types the given password into the text field identified by ``locator``.</doc>
<msg timestamp="20241113 16:40:44.905" level="INFO">Typing password into text field 'password'.</msg>
<msg timestamp="20241113 16:40:45.937" level="INFO">Temporally setting log level to: NONE</msg>
<msg timestamp="20241113 16:40:46.490" level="INFO">Log level changed from NONE to INFO.</msg>
<status status="PASS" starttime="20241113 16:40:44.904" endtime="20241113 16:40:46.490"/>
</kw>
<status status="PASS" starttime="20241113 16:40:44.903" endtime="20241113 16:40:46.491"/>
</kw>
<kw name="Set Password Confirmation">
<arg>kalle123</arg>
<kw name="Input Password" library="SeleniumLibrary">
<arg>password_confirmation</arg>
<arg>${password_confirmation}</arg>
<doc>Types the given password into the text field identified by ``locator``.</doc>
<msg timestamp="20241113 16:40:46.493" level="INFO">Typing password into text field 'password_confirmation'.</msg>
<msg timestamp="20241113 16:40:47.551" level="INFO">Temporally setting log level to: NONE</msg>
<msg timestamp="20241113 16:40:48.096" level="INFO">Log level changed from NONE to INFO.</msg>
<status status="PASS" starttime="20241113 16:40:46.492" endtime="20241113 16:40:48.097"/>
</kw>
<status status="PASS" starttime="20241113 16:40:46.491" endtime="20241113 16:40:48.097"/>
</kw>
<kw name="Submit Credentials">
<kw name="Click Button" library="SeleniumLibrary">
<arg>Register</arg>
<doc>Clicks the button identified by ``locator``.</doc>
<msg timestamp="20241113 16:40:48.100" level="INFO">Clicking button 'Register'.</msg>
<status status="PASS" starttime="20241113 16:40:48.098" endtime="20241113 16:40:50.234"/>
</kw>
<status status="PASS" starttime="20241113 16:40:48.097" endtime="20241113 16:40:50.234"/>
</kw>
<kw name="Register Should Succeed">
<kw name="Welcome Page Should Be Open" library="resource">
<kw name="Title Should Be" library="SeleniumLibrary">
<arg>Welcome to Ohtu Application!</arg>
<doc>Verifies that the current page title equals ``title``.</doc>
<msg timestamp="20241113 16:40:50.745" level="INFO">Page title is 'Welcome to Ohtu Application!'.</msg>
<status status="PASS" starttime="20241113 16:40:50.235" endtime="20241113 16:40:50.746"/>
</kw>
<status status="PASS" starttime="20241113 16:40:50.235" endtime="20241113 16:40:50.746"/>
</kw>
<status status="PASS" starttime="20241113 16:40:50.234" endtime="20241113 16:40:50.746"/>
</kw>
<kw name="Go To Register Page" library="resource">
<kw name="Go To" library="SeleniumLibrary">
<arg>${REGISTER_URL}</arg>
<doc>Navigates the current browser window to the provided ``url``.</doc>
<msg timestamp="20241113 16:40:50.746" level="INFO">Opening url 'http://localhost:5001/register'</msg>
<status status="PASS" starttime="20241113 16:40:50.746" endtime="20241113 16:40:51.291"/>
</kw>
<status status="PASS" starttime="20241113 16:40:50.746" endtime="20241113 16:40:51.292"/>
</kw>
<kw name="Set Username">
<arg>kalle</arg>
<kw name="Input Text" library="SeleniumLibrary">
<arg>username</arg>
<arg>${username}</arg>
<doc>Types the given ``text`` into the text field identified by ``locator``.</doc>
<msg timestamp="20241113 16:40:51.294" level="INFO">Typing text 'kalle' into text field 'username'.</msg>
<status status="PASS" starttime="20241113 16:40:51.293" endtime="20241113 16:40:52.887"/>
</kw>
<status status="PASS" starttime="20241113 16:40:51.292" endtime="20241113 16:40:52.887"/>
</kw>
<kw name="Set Password">
<arg>kalle123</arg>
<kw name="Input Password" library="SeleniumLibrary">
<arg>password</arg>
<arg>${password}</arg>
<doc>Types the given password into the text field identified by ``locator``.</doc>
<msg timestamp="20241113 16:40:52.888" level="INFO">Typing password into text field 'password'.</msg>
<msg timestamp="20241113 16:40:53.935" level="INFO">Temporally setting log level to: NONE</msg>
<msg timestamp="20241113 16:40:54.495" level="INFO">Log level changed from NONE to INFO.</msg>
<status status="PASS" starttime="20241113 16:40:52.887" endtime="20241113 16:40:54.495"/>
</kw>
<status status="PASS" starttime="20241113 16:40:52.887" endtime="20241113 16:40:54.496"/>
</kw>
<kw name="Set Password Confirmation">
<arg>kalle123</arg>
<kw name="Input Password" library="SeleniumLibrary">
<arg>password_confirmation</arg>
<arg>${password_confirmation}</arg>
<doc>Types the given password into the text field identified by ``locator``.</doc>
<msg timestamp="20241113 16:40:54.499" level="INFO">Typing password into text field 'password_confirmation'.</msg>
<msg timestamp="20241113 16:40:55.556" level="INFO">Temporally setting log level to: NONE</msg>
<msg timestamp="20241113 16:40:56.117" level="INFO">Log level changed from NONE to INFO.</msg>
<status status="PASS" starttime="20241113 16:40:54.497" endtime="20241113 16:40:56.117"/>
</kw>
<status status="PASS" starttime="20241113 16:40:54.496" endtime="20241113 16:40:56.117"/>
</kw>
<kw name="Submit Credentials">
<kw name="Click Button" library="SeleniumLibrary">
<arg>Register</arg>
<doc>Clicks the button identified by ``locator``.</doc>
<msg timestamp="20241113 16:40:56.120" level="INFO">Clicking button 'Register'.</msg>
<status status="PASS" starttime="20241113 16:40:56.118" endtime="20241113 16:40:58.246"/>
</kw>
<status status="PASS" starttime="20241113 16:40:56.118" endtime="20241113 16:40:58.246"/>
</kw>
<kw name="Register Should Fail With Message">
<arg>User with username kalle already exists</arg>
<kw name="Register Page Should Be Open" library="resource">
<kw name="Title Should Be" library="SeleniumLibrary">
<arg>Register</arg>
<doc>Verifies that the current page title equals ``title``.</doc>
<msg timestamp="20241113 16:40:58.760" level="INFO">Page title is 'Register'.</msg>
<status status="PASS" starttime="20241113 16:40:58.248" endtime="20241113 16:40:58.760"/>
</kw>
<status status="PASS" starttime="20241113 16:40:58.248" endtime="20241113 16:40:58.760"/>
</kw>
<kw name="Page Should Contain" library="SeleniumLibrary">
<arg>${message}</arg>
<doc>Verifies that current page contains ``text``.</doc>
<msg timestamp="20241113 16:40:59.793" level="INFO">Current page contains text 'User with username kalle already exists'.</msg>
<status status="PASS" starttime="20241113 16:40:58.761" endtime="20241113 16:40:59.793"/>
</kw>
<status status="PASS" starttime="20241113 16:40:58.247" endtime="20241113 16:40:59.793"/>
</kw>
<status status="PASS" starttime="20241113 16:40:42.755" endtime="20241113 16:40:59.794"/>
</test>
<test id="s1-t3" name="Register With Nonmatching Password And Password Confirmation" line="29">
<kw name="Reset Application And Go To Register Page" type="SETUP">
<kw name="Reset Application" library="AppLibrary">
<status status="PASS" starttime="20241113 16:40:59.797" endtime="20241113 16:40:59.801"/>
</kw>
<kw name="Go To Register Page" library="resource">
<kw name="Go To" library="SeleniumLibrary">
<arg>${REGISTER_URL}</arg>
<doc>Navigates the current browser window to the provided ``url``.</doc>
<msg timestamp="20241113 16:40:59.803" level="INFO">Opening url 'http://localhost:5001/register'</msg>
<status status="PASS" starttime="20241113 16:40:59.802" endtime="20241113 16:41:00.330"/>
</kw>
<status status="PASS" starttime="20241113 16:40:59.802" endtime="20241113 16:41:00.330"/>
</kw>
<status status="PASS" starttime="20241113 16:40:59.796" endtime="20241113 16:41:00.330"/>
</kw>
<kw name="Set Username">
<arg>kalle</arg>
<kw name="Input Text" library="SeleniumLibrary">
<arg>username</arg>
<arg>${username}</arg>
<doc>Types the given ``text`` into the text field identified by ``locator``.</doc>
<msg timestamp="20241113 16:41:00.333" level="INFO">Typing text 'kalle' into text field 'username'.</msg>
<status status="PASS" starttime="20241113 16:41:00.332" endtime="20241113 16:41:01.934"/>
</kw>
<status status="PASS" starttime="20241113 16:41:00.331" endtime="20241113 16:41:01.934"/>
</kw>
<kw name="Set Password">
<arg>kalle123</arg>
<kw name="Input Password" library="SeleniumLibrary">
<arg>password</arg>
<arg>${password}</arg>
<doc>Types the given password into the text field identified by ``locator``.</doc>
<msg timestamp="20241113 16:41:01.938" level="INFO">Typing password into text field 'password'.</msg>
<msg timestamp="20241113 16:41:02.990" level="INFO">Temporally setting log level to: NONE</msg>
<msg timestamp="20241113 16:41:03.544" level="INFO">Log level changed from NONE to INFO.</msg>
<status status="PASS" starttime="20241113 16:41:01.936" endtime="20241113 16:41:03.544"/>
</kw>
<status status="PASS" starttime="20241113 16:41:01.935" endtime="20241113 16:41:03.545"/>
</kw>
<kw name="Set Password Confirmation">
<arg>kalle234</arg>
<kw name="Input Password" library="SeleniumLibrary">
<arg>password_confirmation</arg>
<arg>${password_confirmation}</arg>
<doc>Types the given password into the text field identified by ``locator``.</doc>
<msg timestamp="20241113 16:41:03.548" level="INFO">Typing password into text field 'password_confirmation'.</msg>
<msg timestamp="20241113 16:41:04.598" level="INFO">Temporally setting log level to: NONE</msg>
<msg timestamp="20241113 16:41:05.144" level="INFO">Log level changed from NONE to INFO.</msg>
<status status="PASS" starttime="20241113 16:41:03.546" endtime="20241113 16:41:05.144"/>
</kw>
<status status="PASS" starttime="20241113 16:41:03.545" endtime="20241113 16:41:05.145"/>
</kw>
<kw name="Submit Credentials">
<kw name="Click Button" library="SeleniumLibrary">
<arg>Register</arg>
<doc>Clicks the button identified by ``locator``.</doc>
<msg timestamp="20241113 16:41:05.147" level="INFO">Clicking button 'Register'.</msg>
<status status="PASS" starttime="20241113 16:41:05.146" endtime="20241113 16:41:07.281"/>
</kw>
<status status="PASS" starttime="20241113 16:41:05.145" endtime="20241113 16:41:07.281"/>
</kw>
<kw name="Register Should Fail With Message">
<arg>Password and password confirmation dont match</arg>
<kw name="Register Page Should Be Open" library="resource">
<kw name="Title Should Be" library="SeleniumLibrary">
<arg>Register</arg>
<doc>Verifies that the current page title equals ``title``.</doc>
<msg timestamp="20241113 16:41:07.794" level="INFO">Page title is 'Register'.</msg>
<status status="PASS" starttime="20241113 16:41:07.284" endtime="20241113 16:41:07.794"/>
</kw>
<status status="PASS" starttime="20241113 16:41:07.283" endtime="20241113 16:41:07.794"/>
</kw>
<kw name="Page Should Contain" library="SeleniumLibrary">
<arg>${message}</arg>
<doc>Verifies that current page contains ``text``.</doc>
<msg timestamp="20241113 16:41:08.828" level="INFO">Current page contains text 'Password and password confirmation dont match'.</msg>
<status status="PASS" starttime="20241113 16:41:07.795" endtime="20241113 16:41:08.829"/>
</kw>
<status status="PASS" starttime="20241113 16:41:07.282" endtime="20241113 16:41:08.829"/>
</kw>
<status status="PASS" starttime="20241113 16:40:59.795" endtime="20241113 16:41:08.830"/>
</test>
<test id="s1-t4" name="Register With Too Short Username And Valid Password" line="36">
<kw name="Reset Application And Go To Register Page" type="SETUP">
<kw name="Reset Application" library="AppLibrary">
<status status="PASS" starttime="20241113 16:41:08.832" endtime="20241113 16:41:08.837"/>
</kw>
<kw name="Go To Register Page" library="resource">
<kw name="Go To" library="SeleniumLibrary">
<arg>${REGISTER_URL}</arg>
<doc>Navigates the current browser window to the provided ``url``.</doc>
<msg timestamp="20241113 16:41:08.838" level="INFO">Opening url 'http://localhost:5001/register'</msg>
<status status="PASS" starttime="20241113 16:41:08.838" endtime="20241113 16:41:09.377"/>
</kw>
<status status="PASS" starttime="20241113 16:41:08.837" endtime="20241113 16:41:09.377"/>
</kw>
<status status="PASS" starttime="20241113 16:41:08.831" endtime="20241113 16:41:09.378"/>
</kw>
<kw name="Set Username">
<arg>ka</arg>
<kw name="Input Text" library="SeleniumLibrary">
<arg>username</arg>
<arg>${username}</arg>
<doc>Types the given ``text`` into the text field identified by ``locator``.</doc>
<msg timestamp="20241113 16:41:09.380" level="INFO">Typing text 'ka' into text field 'username'.</msg>
<status status="PASS" starttime="20241113 16:41:09.379" endtime="20241113 16:41:10.974"/>
</kw>
<status status="PASS" starttime="20241113 16:41:09.378" endtime="20241113 16:41:10.975"/>
</kw>
<kw name="Set Password">
<arg>kalle123</arg>
<kw name="Input Password" library="SeleniumLibrary">
<arg>password</arg>
<arg>${password}</arg>
<doc>Types the given password into the text field identified by ``locator``.</doc>
<msg timestamp="20241113 16:41:10.978" level="INFO">Typing password into text field 'password'.</msg>
<msg timestamp="20241113 16:41:12.023" level="INFO">Temporally setting log level to: NONE</msg>
<msg timestamp="20241113 16:41:12.573" level="INFO">Log level changed from NONE to INFO.</msg>
<status status="PASS" starttime="20241113 16:41:10.977" endtime="20241113 16:41:12.573"/>
</kw>
<status status="PASS" starttime="20241113 16:41:10.976" endtime="20241113 16:41:12.574"/>
</kw>
<kw name="Set Password Confirmation">
<arg>kalle123</arg>
<kw name="Input Password" library="SeleniumLibrary">
<arg>password_confirmation</arg>
<arg>${password_confirmation}</arg>
<doc>Types the given password into the text field identified by ``locator``.</doc>
<msg timestamp="20241113 16:41:12.577" level="INFO">Typing password into text field 'password_confirmation'.</msg>
<msg timestamp="20241113 16:41:13.628" level="INFO">Temporally setting log level to: NONE</msg>
<msg timestamp="20241113 16:41:14.181" level="INFO">Log level changed from NONE to INFO.</msg>
<status status="PASS" starttime="20241113 16:41:12.575" endtime="20241113 16:41:14.181"/>
</kw>
<status status="PASS" starttime="20241113 16:41:12.574" endtime="20241113 16:41:14.181"/>
</kw>
<kw name="Submit Credentials">
<kw name="Click Button" library="SeleniumLibrary">
<arg>Register</arg>
<doc>Clicks the button identified by ``locator``.</doc>
<msg timestamp="20241113 16:41:14.183" level="INFO">Clicking button 'Register'.</msg>
<status status="PASS" starttime="20241113 16:41:14.182" endtime="20241113 16:41:16.293"/>
</kw>
<status status="PASS" starttime="20241113 16:41:14.181" endtime="20241113 16:41:16.293"/>
</kw>
<kw name="Register Should Fail With Message">
<arg>Username should be atleast 3 characters long</arg>
<kw name="Register Page Should Be Open" library="resource">
<kw name="Title Should Be" library="SeleniumLibrary">
<arg>Register</arg>
<doc>Verifies that the current page title equals ``title``.</doc>
<msg timestamp="20241113 16:41:16.805" level="INFO">Page title is 'Register'.</msg>
<status status="PASS" starttime="20241113 16:41:16.295" endtime="20241113 16:41:16.805"/>
</kw>
<status status="PASS" starttime="20241113 16:41:16.295" endtime="20241113 16:41:16.805"/>
</kw>
<kw name="Page Should Contain" library="SeleniumLibrary">
<arg>${message}</arg>
<doc>Verifies that current page contains ``text``.</doc>
<msg timestamp="20241113 16:41:17.830" level="INFO">Current page contains text 'Username should be atleast 3 characters long'.</msg>
<status status="PASS" starttime="20241113 16:41:16.805" endtime="20241113 16:41:17.830"/>
</kw>
<status status="PASS" starttime="20241113 16:41:16.294" endtime="20241113 16:41:17.830"/>
</kw>
<status status="PASS" starttime="20241113 16:41:08.831" endtime="20241113 16:41:17.830"/>
</test>
<test id="s1-t5" name="Register With Valid Username And Too Short Password" line="43">
<kw name="Reset Application And Go To Register Page" type="SETUP">
<kw name="Reset Application" library="AppLibrary">
<status status="PASS" starttime="20241113 16:41:17.832" endtime="20241113 16:41:17.837"/>
</kw>
<kw name="Go To Register Page" library="resource">
<kw name="Go To" library="SeleniumLibrary">
<arg>${REGISTER_URL}</arg>
<doc>Navigates the current browser window to the provided ``url``.</doc>
<msg timestamp="20241113 16:41:17.838" level="INFO">Opening url 'http://localhost:5001/register'</msg>
<status status="PASS" starttime="20241113 16:41:17.837" endtime="20241113 16:41:18.376"/>
</kw>
<status status="PASS" starttime="20241113 16:41:17.837" endtime="20241113 16:41:18.377"/>
</kw>
<status status="PASS" starttime="20241113 16:41:17.831" endtime="20241113 16:41:18.377"/>
</kw>
<kw name="Set Username">
<arg>kalle</arg>
<kw name="Input Text" library="SeleniumLibrary">
<arg>username</arg>
<arg>${username}</arg>
<doc>Types the given ``text`` into the text field identified by ``locator``.</doc>
<msg timestamp="20241113 16:41:18.378" level="INFO">Typing text 'kalle' into text field 'username'.</msg>
<status status="PASS" starttime="20241113 16:41:18.377" endtime="20241113 16:41:19.979"/>
</kw>
<status status="PASS" starttime="20241113 16:41:18.377" endtime="20241113 16:41:19.979"/>
</kw>
<kw name="Set Password">
<arg>kalle1</arg>
<kw name="Input Password" library="SeleniumLibrary">
<arg>password</arg>
<arg>${password}</arg>
<doc>Types the given password into the text field identified by ``locator``.</doc>
<msg timestamp="20241113 16:41:19.982" level="INFO">Typing password into text field 'password'.</msg>
<msg timestamp="20241113 16:41:21.036" level="INFO">Temporally setting log level to: NONE</msg>
<msg timestamp="20241113 16:41:21.587" level="INFO">Log level changed from NONE to INFO.</msg>
<status status="PASS" starttime="20241113 16:41:19.980" endtime="20241113 16:41:21.587"/>
</kw>
<status status="PASS" starttime="20241113 16:41:19.979" endtime="20241113 16:41:21.587"/>
</kw>
<kw name="Set Password Confirmation">
<arg>kalle1</arg>
<kw name="Input Password" library="SeleniumLibrary">
<arg>password_confirmation</arg>
<arg>${password_confirmation}</arg>
<doc>Types the given password into the text field identified by ``locator``.</doc>
<msg timestamp="20241113 16:41:21.590" level="INFO">Typing password into text field 'password_confirmation'.</msg>
<msg timestamp="20241113 16:41:22.627" level="INFO">Temporally setting log level to: NONE</msg>
<msg timestamp="20241113 16:41:23.173" level="INFO">Log level changed from NONE to INFO.</msg>
<status status="PASS" starttime="20241113 16:41:21.588" endtime="20241113 16:41:23.173"/>
</kw>
<status status="PASS" starttime="20241113 16:41:21.588" endtime="20241113 16:41:23.173"/>
</kw>
<kw name="Submit Credentials">
<kw name="Click Button" library="SeleniumLibrary">
<arg>Register</arg>
<doc>Clicks the button identified by ``locator``.</doc>
<msg timestamp="20241113 16:41:23.175" level="INFO">Clicking button 'Register'.</msg>
<status status="PASS" starttime="20241113 16:41:23.175" endtime="20241113 16:41:25.259"/>
</kw>
<status status="PASS" starttime="20241113 16:41:23.174" endtime="20241113 16:41:25.260"/>
</kw>
<kw name="Register Should Fail With Message">
<arg>Password should be atleast 8 characters long</arg>
<kw name="Register Page Should Be Open" library="resource">
<kw name="Title Should Be" library="SeleniumLibrary">
<arg>Register</arg>
<doc>Verifies that the current page title equals ``title``.</doc>
<msg timestamp="20241113 16:41:25.768" level="INFO">Page title is 'Register'.</msg>
<status status="PASS" starttime="20241113 16:41:25.261" endtime="20241113 16:41:25.769"/>
</kw>
<status status="PASS" starttime="20241113 16:41:25.260" endtime="20241113 16:41:25.769"/>
</kw>
<kw name="Page Should Contain" library="SeleniumLibrary">
<arg>${message}</arg>
<doc>Verifies that current page contains ``text``.</doc>
<msg timestamp="20241113 16:41:26.798" level="INFO">Current page contains text 'Password should be atleast 8 characters long'.</msg>
<status status="PASS" starttime="20241113 16:41:25.770" endtime="20241113 16:41:26.799"/>
</kw>
<status status="PASS" starttime="20241113 16:41:25.260" endtime="20241113 16:41:26.799"/>
</kw>
<status status="PASS" starttime="20241113 16:41:17.831" endtime="20241113 16:41:26.799"/>
</test>
<test id="s1-t6" name="Register With Valid Username And Invalid Password" line="50">
<kw name="Reset Application And Go To Register Page" type="SETUP">
<kw name="Reset Application" library="AppLibrary">
<status status="PASS" starttime="20241113 16:41:26.800" endtime="20241113 16:41:26.804"/>
</kw>
<kw name="Go To Register Page" library="resource">
<kw name="Go To" library="SeleniumLibrary">
<arg>${REGISTER_URL}</arg>
<doc>Navigates the current browser window to the provided ``url``.</doc>
<msg timestamp="20241113 16:41:26.804" level="INFO">Opening url 'http://localhost:5001/register'</msg>
<status status="PASS" starttime="20241113 16:41:26.804" endtime="20241113 16:41:27.322"/>
</kw>
<status status="PASS" starttime="20241113 16:41:26.804" endtime="20241113 16:41:27.322"/>
</kw>
<status status="PASS" starttime="20241113 16:41:26.799" endtime="20241113 16:41:27.323"/>
</kw>
<kw name="Set Username">
<arg>kalle</arg>
<kw name="Input Text" library="SeleniumLibrary">
<arg>username</arg>
<arg>${username}</arg>
<doc>Types the given ``text`` into the text field identified by ``locator``.</doc>
<msg timestamp="20241113 16:41:27.325" level="INFO">Typing text 'kalle' into text field 'username'.</msg>
<status status="PASS" starttime="20241113 16:41:27.324" endtime="20241113 16:41:28.933"/>
</kw>
<status status="PASS" starttime="20241113 16:41:27.323" endtime="20241113 16:41:28.933"/>
</kw>
<kw name="Set Password">
<arg>abcdfeghjikl</arg>
<kw name="Input Password" library="SeleniumLibrary">
<arg>password</arg>
<arg>${password}</arg>
<doc>Types the given password into the text field identified by ``locator``.</doc>
<msg timestamp="20241113 16:41:28.936" level="INFO">Typing password into text field 'password'.</msg>
<msg timestamp="20241113 16:41:29.981" level="INFO">Temporally setting log level to: NONE</msg>
<msg timestamp="20241113 16:41:30.550" level="INFO">Log level changed from NONE to INFO.</msg>
<status status="PASS" starttime="20241113 16:41:28.935" endtime="20241113 16:41:30.550"/>
</kw>
<status status="PASS" starttime="20241113 16:41:28.934" endtime="20241113 16:41:30.550"/>
</kw>
<kw name="Set Password Confirmation">
<arg>abcdfeghjikl</arg>
<kw name="Input Password" library="SeleniumLibrary">
<arg>password_confirmation</arg>
<arg>${password_confirmation}</arg>
<doc>Types the given password into the text field identified by ``locator``.</doc>
<msg timestamp="20241113 16:41:30.553" level="INFO">Typing password into text field 'password_confirmation'.</msg>
<msg timestamp="20241113 16:41:31.595" level="INFO">Temporally setting log level to: NONE</msg>
<msg timestamp="20241113 16:41:32.146" level="INFO">Log level changed from NONE to INFO.</msg>
<status status="PASS" starttime="20241113 16:41:30.551" endtime="20241113 16:41:32.147"/>
</kw>
<status status="PASS" starttime="20241113 16:41:30.551" endtime="20241113 16:41:32.147"/>
</kw>
<kw name="Submit Credentials">
<kw name="Click Button" library="SeleniumLibrary">
<arg>Register</arg>
<doc>Clicks the button identified by ``locator``.</doc>
<msg timestamp="20241113 16:41:32.149" level="INFO">Clicking button 'Register'.</msg>
<status status="PASS" starttime="20241113 16:41:32.148" endtime="20241113 16:41:34.264"/>
</kw>
<status status="PASS" starttime="20241113 16:41:32.147" endtime="20241113 16:41:34.264"/>
</kw>
<kw name="Register Should Fail With Message">
<arg>Password must not consist only of letters</arg>
<kw name="Register Page Should Be Open" library="resource">
<kw name="Title Should Be" library="SeleniumLibrary">
<arg>Register</arg>
<doc>Verifies that the current page title equals ``title``.</doc>
<msg timestamp="20241113 16:41:34.776" level="INFO">Page title is 'Register'.</msg>
<status status="PASS" starttime="20241113 16:41:34.266" endtime="20241113 16:41:34.776"/>
</kw>
<status status="PASS" starttime="20241113 16:41:34.265" endtime="20241113 16:41:34.776"/>
</kw>
<kw name="Page Should Contain" library="SeleniumLibrary">
<arg>${message}</arg>
<doc>Verifies that current page contains ``text``.</doc>
<msg timestamp="20241113 16:41:35.791" level="INFO">Current page contains text 'Password must not consist only of letters'.</msg>
<status status="PASS" starttime="20241113 16:41:34.777" endtime="20241113 16:41:35.792"/>
</kw>
<status status="PASS" starttime="20241113 16:41:34.264" endtime="20241113 16:41:35.792"/>
</kw>
<status status="PASS" starttime="20241113 16:41:26.799" endtime="20241113 16:41:35.793"/>
</test>
<kw name="Close Browser" library="SeleniumLibrary" type="TEARDOWN">
<doc>Closes the current browser.</doc>
<status status="PASS" starttime="20241113 16:41:35.795" endtime="20241113 16:41:36.354"/>
</kw>
<status status="PASS" starttime="20241113 16:40:34.173" endtime="20241113 16:41:36.354"/>
</suite>
<statistics>
<total>
<stat pass="6" fail="0" skip="0">All Tests</stat>
</total>
<tag>
</tag>
<suite>
<stat pass="6" fail="0" skip="0" id="s1" name="Register">Register</stat>
</suite>
</statistics>
<errors>
</errors>
</robot>
